5210
1 1823
2 3311
3 1633
3 1694
3 3514
4 1199
4 2845
4 3567
5 2342
6 70
6 387
6 853
6 1903
6 2930
7 2116
8 1113
8 1116
8 3751
9 3803
10 92
10 1296
10 1976
11 503
11 1143
11 2980
12 2445
13 1719
13 2789
13 2933
14 687
14 1254
14 2079
14 2847
14 3073
15 966
15 1643
15 3051
16 997
16 1241
16 2574
17 1870
18 104
19 544
20 532
20 1041
20 1208
21 691
22 425
22 573
22 1581
23 2217
24 768
25 352
25 1547
25 2975
26 210
26 1361
26 2698
26 3228
26 3584
27 3775
28 404
28 1111
28 2693
28 3253
28 3445
29 140
30 490
31 199
31 1625
31 2788
32 831
32 985
32 2013
32 2630
32 2723
33 2224
34 3678
35 2212
35 2556
35 3540
36 582
36 2400
36 2527
37 3383
38 581
38 925
38 2521
39 1632
40 1498
40 2062
40 2480
40 2511
40 3375
40 3507
40 3607
41 221
41 1664
41 2460
41 2767
41 2876
42 256
42 862
42 1165
42 2789
42 2828
43 196
43 1044
43 1206
43 1257
43 2005
43 2560
43 2874
44 202
44 617
44 3092
45 562
45 982
45 1970
45 3357
45 3485
45 3768
45 3787
46 2245
47 335
47 724
47 2363
48 1721
48 1787
48 2368
48 2617
48 2708
49 905
49 2605
49 3008
50 2200
50 3556
50 3875
51 918
51 957
51 1049
52 2117
53 2597
53 3278
53 3553
54 500
54 2432
54 3548
55 1477
55 2637
55 2692
56 993
56 1354
56 2097
57 1445
58 2029
58 2454
58 2812
59 1283
59 1445
59 1900
60 1544
60 2648
60 2959
61 72
61 84
61 1010
61 3694
61 3707
62 923
62 1247
62 1614
62 1952
62 3595
63 275
63 3006
63 3394
64 946
64 2161
64 3373
64 3495
64 3852
65 1921
65 2065
65 2139
65 3620
65 3728
66 456
66 876
66 2724
67 2469
67 2913
67 3144
67 3164
67 3455
68 183
68 630
68 3423
69 3508
70 613
70 2125
71 1569
71 1618
71 3194
72 1735
72 2285
72 3399
72 3485
73 2884
74 2262
75 1793
76 1524
77 1138
77 3513
77 3721
78 2248
79 611
79 958
79 1170
79 1707
79 3200
79 3612
79 3708
80 2659
81 863
81 1627
81 1989
81 3477
81 3710
82 2810
82 3230
82 3509
83 2478
83 2994
83 3238
84 604
84 2160
85 305
85 1689
85 3036
86 2476
87 538
87 884
87 2189
87 3179
87 3201
88 858
88 964
88 1254
89 1422
89 1561
89 3643
90 1453
90 1767
90 2089
91 668
91 982
91 3811
92 1553
92 2189
93 663
94 334
94 1303
94 2841
95 3153
96 1811
97 191
97 3472
97 3711
97 3713
97 3856
98 112
98 743
98 1375
98 3581
98 3627
99 616
99 775
99 3255
100 2560
101 621
101 1671
101 2342
101 2526
101 2960
102 263
102 1558
102 2526
103 656
103 772
103 3860
104 1298
104 1436
105 1508
106 297
106 2452
106 3814
107 1135
107 2336
107 3873
108 454
108 1981
108 3200
109 503
109 3421
109 3579
110 1108
110 1487
110 2330
111 823
111 2188
111 2639
112 146
112 2027
112 2103
112 2187
113 1276
113 1572
113 2248
113 2264
113 2681
114 355
114 389
114 1313
114 2477
114 3639
115 634
115 2312
115 3120
116 1566
117 2997
118 2762
119 3297
120 2401
121 336
121 552
121 1219
121 1360
121 2032
122 1909
122 2448
122 3633
123 1563
124 3843
125 478
126 711
127 1044
127 1342
127 3773
128 992
128 1057
128 3875
129 1169
129 2999
129 3547
130 2564
131 240
132 1677
132 2531
132 2551
133 2504
134 341
134 598
134 1046
135 783
136 475
136 781
136 1543
136 3078
136 3618
137 513
138 1040
138 2899
138 3176
139 2078
139 2823
139 3105
141 171
142 2573
143 882
143 1186
143 3562
144 1460
144 1947
144 2514
145 3761
146 1506
146 2759
147 1150
147 1351
147 2363
148 1429
148 2867
148 2971
149 732
149 834
149 901
150 457
150 1118
150 3180
151 712
152 815
152 2554
152 3183
153 1271
153 3372
153 3551
154 1725
154 2577
154 3552
155 884
156 528
156 1871
156 3756
157 1431
158 647
159 2432
160 310
160 1368
160 3461
161 508
161 2745
161 3776
162 424
162 819
162 2371
162 3359
162 3867
163 475
163 2879
163 3480
164 625
164 730
164 2495
165 984
165 2054
165 2064
165 2166
165 2218
165 3138
165 3573
166 2579
167 2551
168 1058
168 1752
168 2039
169 302
169 618
169 848
169 2914
169 2937
170 430
170 1051
170 2355
171 542
171 938
172 1548
173 382
173 509
173 1247
173 2091
173 3694
174 2220
174 3050
174 3100
175 1408
176 963
176 1362
176 1559
176 1944
176 3466
177 2063
177 2802
177 3494
178 1454
178 3276
178 3457
179 2032
179 2706
179 3323
180 1085
181 1966
182 628
182 1629
182 1637
183 1731
183 2158
184 205
184 1271
184 1615
185 425
185 2104
185 2206
185 2667
185 3313
186 1239
186 1536
186 2821
187 642
187 1473
187 2648
188 657
188 1658
188 2361
188 2384
188 3668
189 2223
190 567
191 2251
191 2650
192 1646
193 731
194 2200
195 466
195 1313
195 3127
197 3529
198 2951
199 424
199 1077
199 2020
199 2969
200 423
200 708
200 727
200 1171
200 2699
201 397
201 2644
201 3599
202 469
202 2315
202 3398
202 3501
203 3052
203 3088
203 3353
204 3521
205 3070
205 3264
206 3252
207 257
207 1282
207 2589
207 2850
207 3529
208 2283
209 446
209 839
209 3396
210 1325
210 1653
210 2898
210 3457
211 2920
212 488
213 602
214 3113
215 3193
216 2927
217 422
217 522
217 2898
218 1101
219 2616
219 3218
219 3411
220 2552
221 745
221 1341
221 2005
221 2035
221 2054
221 2193
221 2536
221 3347
222 808
222 1824
222 2522
222 3046
222 3757
223 699
223 2338
223 3753
224 3130
225 2218
226 1998
227 1023
227 1321
227 3297
228 836
228 1953
228 2333
229 320
229 806
229 1635
230 1052
230 2789
230 3869
231 1834
231 1976
231 3671
232 845
232 1646
232 2227
232 2951
232 3528
233 439
233 2500
233 3111
234 831
234 1022
234 2210
234 3145
234 3272
235 1891
236 3546
237 753
238 867
238 1530
238 2371
238 2593
238 2761
239 709
239 1050
239 2711
240 931
240 2290
241 323
241 1795
241 2074
241 3118
241 3282
242 654
242 947
242 2071
243 1596
243 1758
243 1874
244 311
244 2151
244 3442
245 1766
245 3230
245 3735
246 1394
246 2116
246 3412
247 353
247 704
247 1251
247 1739
247 1813
248 2794
249 845
249 1003
249 2123
250 722
250 888
250 2500
250 3861
250 3872
251 1239
251 2541
251 3359
252 1566
253 3271
254 3752
255 343
255 3149
255 3571
256 340
256 880
258 584
258 1178
258 2709
259 999
259 3224
259 3486
260 1781
260 3364
260 3844
261 2207
262 569
262 927
262 2884
262 3318
262 3503
263 377
263 430
263 789
263 2433
263 2553
263 3146
264 590
264 926
264 2009
264 2213
264 3394
265 605
265 809
265 1056
265 1621
265 3672
266 1209
266 2528
266 3095
267 2257
267 2514
267 3811
268 2013
268 2569
268 2945
269 432
269 969
269 1294
269 1663
269 3057
270 682
270 2258
270 3146
271 2772
271 2952
271 3473
272 442
272 2972
272 3831
273 2676
274 1407
274 2162
274 2816
275 2023
275 3148
275 3347
275 3374
276 1572
276 2276
276 2452
277 2825
278 1218
279 1635
279 3601
279 3778
280 1584
280 2139
280 3592
281 311
282 1582
282 2379
282 2624
283 1470
283 2753
283 3299
284 1315
285 3498
286 629
286 1546
286 1705
286 2497
286 2772
287 927
287 1188
287 2233
288 2681
289 869
289 3265
289 3662
290 3262
291 1868
291 2210
291 3333
292 1122
292 3073
292 3598
293 1233
293 1590
293 2742
294 2342
295 1098
295 1181
295 2642
296 2704
297 628
297 2189
297 2586
297 3380
298 2419
299 2194
299 2281
299 3839
300 2830
301 680
301 755
301 3405
302 341
302 2986
303 1886
303 3434
303 3630
304 1792
304 2316
304 3684
305 923
305 1850
305 2165
305 3816
306 626
306 989
306 2350
307 1923
308 3359
309 2044
309 2551
309 3399
310 634
310 1546
311 956
311 1327
311 1939
311 3145
311 3862
312 1596
312 2452
312 2472
313 464
314 1551
314 1979
314 3527
315 483
315 1812
315 2548
315 3045
315 3804
316 1272
316 1526
316 2217
317 924
318 1087
318 1725
318 2428
319 1696
320 2879
320 3269
321 533
322 516
322 1678
322 1689
323 768
323 1002
323 1962
323 3103
324 2110
325 2109
326 726
327 2416
328 1273
328 2023
328 3506
329 1906
330 1567
330 1819
330 3193
331 3360
332 897
332 3595
332 3733
333 1895
334 412
334 3835
335 751
335 3494
336 490
336 1804
336 3078
336 3806
337 2714
338 1984
338 2068
338 3804
339 3345
340 782
340 1341
340 2516
340 3598
341 2004
341 2716
341 2958
341 3109
341 3408
342 1694
342 1938
342 3060
342 3613
342 3712
343 690
343 2749
344 2487
345 2087
345 3145
345 3610
346 364
346 2128
346 2593
346 2909
346 3325
347 1066
347 2487
347 3587
348 973
348 1802
348 3586
349 1519
350 2557
350 3644
350 3715
351 1958
351 2286
351 3633
352 3757
352 3869
353 1116
353 1917
353 2129
353 2796
354 561
354 856
354 1629
355 1015
355 3645
356 1606
357 1806
357 2649
357 2716
358 541
358 675
358 2053
359 1924
359 2051
359 2104
359 2274
359 2824
359 2883
359 3243
360 3039
360 3104
360 3143
361 1285
362 1694
363 896
363 1958
363 2821
363 2848
363 3184
364 461
364 1713
365 3544
366 2938
367 691
367 3118
367 3757
368 610
368 1814
368 2983
369 1232
369 1617
369 2483
369 2754
369 3479
370 391
370 788
370 1918
371 1648
372 3042
373 1539
374 3340
374 3591
374 3629
375 1995
376 965
378 3443
379 785
379 1278
379 3000
380 899
381 2049
382 538
382 2019
383 573
383 1152
383 1206
383 1223
383 1755
383 2194
383 2933
384 2797
384 3452
384 3572
385 579
385 715
385 1298
386 790
386 3546
386 3661
387 2693
387 3129
388 3492
389 730
389 2105
390 412
390 738
390 761
391 1741
391 3057
391 3431
391 3508
392 3420
393 448
394 740
394 3126
394 3541
395 603
395 986
395 1232
396 2635
397 1845
397 1852
397 3051
397 3198
398 515
398 2297
398 3830
399 1145
399 1632
399 2975
400 1947
401 498
401 988
401 1376
401 2809
401 3043
402 968
402 2675
402 3148
403 1787
403 1941
403 2348
403 3227
403 3668
405 2081
405 2107
405 3541
406 1265
406 1764
406 2795
407 2005
407 3554
407 3703
408 3826
409 726
409 1135
409 3810
410 2196
410 2418
410 2941
411 3826
412 804
412 3612
412 3868
413 2615
414 866
414 2108
414 3260
415 564
415 1159
415 3303
416 2238
416 2668
416 3343
417 735
417 1538
417 1826
417 1918
417 2273
417 2298
417 2455
417 2834
417 3027
418 2053
418 2468
418 3812
419 1513
420 1434
421 2403
421 2900
421 3134
421 3296
421 3598
422 2536
422 3865
423 1012
423 3348
424 1337
424 3349
424 3863
425 2743
425 2870
425 3114
426 1157
426 2218
426 2483
427 1770
428 1365
428 1864
428 3036
429 2786
430 2121
430 2203
430 3410
431 1245
432 2364
432 3291
433 3644
434 842
434 1358
434 1514
434 1659
434 3362
435 1983
435 3620
435 3631
436 1162
436 1860
436 3736
437 916
437 1138
437 2055
438 509
438 689
438 1927
440 1365
440 1663
440 3644
441 1367
441 2985
441 3598
442 494
442 2225
442 2744
442 3164
443 2962
444 2249
445 2705
446 3693
446 3709
447 1430
447 2991
447 3426
448 3053
448 3719
449 1322
449 1683
449 2922
450 585
450 2151
450 3679
451 2409
452 925
452 2095
452 2677
453 1667
454 2470
454 3080
455 3548
456 516
456 3533
458 2031
459 849
459 1481
459 2491
459 2628
459 2845
460 1375
460 2692
460 3646
461 2588
461 3081
462 516
462 1307
462 2261
463 822
463 2115
463 2504
463 3125
463 3806
464 577
464 1500
464 1632
464 2188
464 2605
464 3868
465 474
465 1148
465 1830
465 2602
465 2678
466 3037
466 3252
467 2259
468 1375
468 2819
468 2990
469 1077
469 2546
470 2852
471 1181
472 2062
472 3469
472 3475
473 1622
473 2333
473 2940
474 2194
474 3106
474 3187
474 3454
475 2155
475 2543
475 3441
476 663
476 904
476 1934
476 2768
476 2832
477 3727
478 1441
478 3832
479 2642
480 2140
481 3179
482 2946
482 3642
482 3688
483 2419
483 3215
483 3342
483 3606
484 2590
485 3440
486 1602
486 3137
486 3359
487 3053
488 554
488 1783
489 1566
490 1771
491 2251
492 2502
492 2727
492 3376
493 1282
493 1653
493 2919
494 962
494 2551
495 796
495 1014
495 2053
495 2337
495 3587
496 1369
497 2661
497 2963
497 2987
499 1030
499 3530
499 3539
501 994
501 3061
501 3618
502 2915
503 3861
504 3486
505 602
505 790
505 2770
506 2537
507 567
507 2519
507 3608
508 2730
508 2794
508 3357
508 3388
509 2364
510 2348
511 1910
512 577
512 1899
512 2851
512 3170
512 3278
513 640
513 697
514 1050
514 1429
514 1794
514 2320
514 2800
517 1810
517 3100
517 3547
518 1883
518 3343
518 3710
519 1432
519 1498
519 1539
519 2127
519 2469
520 770
520 903
520 2075
520 2436
520 3171
521 595
521 2294
521 2353
522 565
522 2220
522 2620
522 3831
523 3592
524 2668
524 3153
524 3170
525 1805
526 1580
526 2924
526 3302
527 971
527 2009
527 2109
527 2317
527 3462
528 2662
528 2878
529 724
530 3423
531 1215
531 2439
531 2869
533 661
533 2108
534 1420
535 760
535 2282
535 2362
536 2286
537 1097
537 1296
537 3397
538 1384
538 2746
538 3041
539 1694
539 2177
539 3593
540 2072
540 2718
540 2779
541 585
541 1218
541 1385
541 1577
541 2625
541 3303
542 913
542 1478
542 1503
542 3488
543 2457
544 2624
544 3673
545 1496
545 1968
545 3743
546 3666
547 1634
547 2527
547 3132
548 1363
548 3144
548 3284
549 2204
549 2332
549 2545
549 2561
549 2923
550 689
550 1060
550 1260
550 3030
550 3560
551 1108
551 1133
551 1528
551 3197
551 3678
553 1516
555 734
556 2185
557 922
557 1199
557 1339
557 1690
557 1798
558 1996
558 3195
558 3664
559 688
559 803
559 1477
559 1894
559 3413
560 833
560 1657
560 2094
560 2765
560 3659
561 1161
561 2317
562 1198
562 2361
563 2279
563 2497
563 3797
564 2911
564 3065
565 1147
565 1337
566 646
566 1237
566 1657
566 2655
566 2902
567 1640
567 2997
567 3681
568 826
568 2791
568 3268
570 2193
571 723
571 1187
571 2753
571 3635
571 3651
572 966
572 1372
572 3818
573 767
573 888
573 2172
573 2579
573 2912
574 965
575 2491
575 2590
575 2818
576 3580
577 1285
578 1470
578 2513
578 3395
579 2232
579 2936
580 3326
581 1083
581 2582
583 638
583 1246
583 1646
583 2601
583 2611
584 684
584 972
585 2998
585 3008
585 3440
586 1183
587 2047
588 1972
589 831
591 1333
591 1790
591 3797
592 2685
592 3430
592 3466
593 1472
593 2486
593 3017
593 3194
593 3501
594 720
594 1649
594 1854
594 2750
594 3847
596 1726
597 2874
599 851
599 2138
599 2190
600 1506
600 2023
600 2167
600 2268
600 3348
601 3298
602 2878
603 1766
603 2743
603 2756
603 2963
604 1374
604 1531
604 2323
604 3457
605 2039
605 2822
606 625
606 737
606 756
606 2302
606 3052
607 1869
608 822
608 2146
608 2576
608 3419
608 3834
609 2105
610 2549
610 3465
611 653
611 2375
612 3837
614 955
614 3182
614 3713
615 1147
616 2090
616 2287
616 2372
616 3274
617 2247
617 2657
618 3332
618 3389
619 622
619 1031
619 3556
620 912
621 671
621 3145
622 1447
622 2890
623 1569
623 1604
623 3670
624 814
624 899
624 2391
625 3632
627 1238
627 2858
627 3275
628 1406
629 1692
629 2539
630 1050
630 2190
630 2261
630 2793
631 2414
632 1946
633 2779
634 993
635 1097
635 1222
635 2798
636 1309
636 3038
636 3049
637 699
637 970
637 1275
637 2383
637 2603
638 2590
638 3819
639 3529
641 3742
643 2249
643 2258
643 3644
644 2540
644 2916
644 3722
645 788
645 847
645 2913
646 1592
646 2740
646 2772
646 2971
647 1875
647 2130
648 793
648 799
648 1648
648 2452
648 3810
649 3085
649 3125
649 3752
650 802
650 1155
650 1428
650 1655
650 1881
651 1382
652 987
652 1127
652 1544
652 2461
652 2723
652 3356
652 3846
653 902
653 1319
653 1541
653 1632
653 1764
653 2239
653 2314
653 3362
654 733
654 2721
655 1054
655 2233
655 2703
655 3279
655 3382
656 736
656 2838
657 1488
657 2050
658 1871
658 2255
658 3209
659 2090
659 3252
659 3674
660 2898
661 1631
661 1734
662 910
662 3017
662 3374
663 1679
664 3166
665 2332
665 2550
665 3824
666 3834
667 1360
667 1858
667 3647
668 1050
668 1736
668 2632
668 2783
669 2526
670 3146
671 2096
671 2318
671 3157
671 3420
672 902
672 3457
672 3555
673 3421
674 1128
674 2095
674 2160
674 3081
674 3761
675 756
675 3425
676 1928
677 1681
677 2331
677 2717
677 3160
677 3181
678 1341
679 2169
680 1151
680 1668
681 785
682 1682
682 1828
682 2796
682 3019
683 1336
683 1867
683 2131
683 2805
683 3185
684 1853
684 3048
685 3526
686 1438
686 1913
686 2223
687 2187
687 2595
688 2430
688 2831
688 3246
688 3284
689 1125
689 2153
689 2670
691 1317
691 1364
691 3665
692 1409
693 1768
694 1569
694 2761
694 3523
695 1685
695 1969
695 1974
695 2339
695 3593
696 889
696 1449
696 1496
696 2531
696 3671
697 1258
697 2355
698 2676
698 3010
698 3046
698 3707
698 3714
699 3141
700 3488
701 1554
701 2308
701 3132
702 1827
703 1641
703 1669
703 2316
704 767
704 1494
704 1560
704 3491
705 1314
706 821
707 3732
708 1220
708 2033
708 2488
708 3126
709 718
709 1408
710 2005
712 1621
712 3238
713 1326
713 1681
713 3266
714 2191
715 1815
715 2104
716 986
716 1063
716 1763
717 755
718 945
718 1126
718 2118
718 2121
718 2373
718 3854
719 1907
720 1178
720 1447
721 743
723 1813
723 2853
724 1612
725 995
725 2464
725 3375
726 1733
726 3622
726 3874
727 2563
727 2765
728 762
728 1728
728 2561
728 2861
728 3832
729 3227
730 3017
730 3241
730 3323
731 3541
731 3781
732 3356
732 3534
733 1071
733 3435
734 852
734 2138
735 1705
735 2362
736 1343
736 1811
736 1919
736 2181
737 1107
737 1911
737 3112
737 3470
739 3675
740 1016
740 3614
741 1934
742 1148
743 1249
743 1677
743 1935
743 3276
743 3322
744 2761
744 3725
744 3793
746 2166
746 2303
746 2785
747 2013
748 954
748 3317
748 3627
749 1411
749 1963
749 2085
749 3241
749 3830
750 2110
750 3326
750 3705
751 1816
751 3767
752 1005
752 2395
752 2839
754 1298
754 3193
754 3264
754 3468
754 3844
755 2238
756 841
756 2790
756 3055
757 2176
758 2258
759 1000
759 1668
759 3016
760 1550
760 1613
760 3427
760 3667
762 1069
762 1344
763 1755
764 2865
765 1273
765 2737
765 2841
765 3440
765 3760
766 1178
767 1443
767 2264
767 2736
768 2842
769 1688
769 1744
769 2646
771 983
772 865
772 2500
773 1405
773 1411
773 1480
773 2085
773 2771
774 1488
774 2346
774 2435
774 3267
774 3417
775 1976
775 3772
776 996
777 953
777 1023
777 3363
778 2962
779 868
779 2721
779 3055
780 3593
781 962
781 1558
782 2754
782 3089
783 2048
783 3056
784 2784
785 962
785 1651
785 2192
786 1346
786 1609
786 1720
786 3569
786 3815
787 2324
788 825
788 851
788 1787
789 960
789 2598
790 834
791 808
791 963
791 1719
792 2150
793 2218
793 3633
794 1694
795 1239
795 1830
795 2579
796 1045
796 2547
797 1479
797 2203
797 3645
798 2310
798 3171
798 3753
799 1217
799 1425
799 3701
799 3847
800 1451
800 1898
800 1919
800 2227
800 2390
801 1290
801 2849
801 3850
802 2097
802 2847
803 992
803 1912
803 2708
803 3338
805 3850
807 3227
808 3601
809 1877
809 3549
810 846
810 1013
810 2508
811 1644
811 3055
811 3351
812 2728
813 1524
813 3200
813 3734
814 3499
814 3704
815 928
815 1664
815 1983
815 3114
816 940
816 1527
816 1603
817 1599
817 2555
817 3160
818 3739
819 2342
819 2853
819 2992
819 3604
820 1010
821 1272
821 1458
822 2746
823 954
823 2810
823 3424
823 3840
824 934
824 1026
824 1506
827 1307
828 1555
828 2106
828 2750
829 3713
830 2105
832 1556
832 2240
832 2429
833 2651
833 3159
834 1007
834 2005
834 2018
835 1416
837 1422
837 1696
837 2801
838 2199
840 1046
840 2434
840 3024
841 3335
841 3560
843 1739
843 3478
843 3688
844 1811
844 2642
844 3350
845 1483
846 1783
846 2700
847 2462
847 2472
848 3047
848 3324
849 1219
849 2687
850 1221
850 2147
850 2756
851 1791
851 2106
851 2795
852 3022
852 3675
853 2302
853 2883
853 3329
853 3664
854 1522
854 2391
854 2587
855 2898
856 1381
856 1871
857 1882
859 1353
859 1952
859 3407
860 989
861 1895
862 1313
862 1525
863 3445
863 3566
864 2293
864 2335
864 2367
864 2936
864 3562
865 992
865 1538
865 3064
865 3649
867 2085
867 2845
868 1232
868 3256
869 1682
869 2140
869 2924
869 3203
870 1413
870 1869
870 2142
870 2873
870 3730
871 2374
872 1126
872 2251
872 3774
873 1048
874 1114
874 3616
874 3705
875 1145
876 2701
876 3672
877 1043
877 2055
877 2283
877 3025
877 3026
878 2655
879 1113
881 3799
882 2192
882 2778
883 1517
883 1708
883 1948
883 2218
883 3063
884 1359
884 1911
884 2608
885 1959
885 2068
885 2394
886 1571
886 2026
886 3825
887 1744
888 3054
889 1874
889 2155
890 1721
890 1847
890 2088
891 3161
891 3183
891 3691
892 1485
892 1734
892 2563
893 1240
893 1457
893 2022
894 1784
894 2279
894 2411
894 3018
894 3194
895 1789
897 1352
897 3043
898 1527
898 2115
898 2228
899 1104
899 1172
899 2286
899 2690
899 2952
900 2196
901 2359
901 2753
902 1266
902 2279
902 3515
903 2814
903 3023
904 1202
904 3334
905 3312
905 3555
906 2870
906 3300
906 3601
907 1003
908 988
908 1386
908 2118
909 2633
910 1884
910 2397
911 2047
912 1196
912 1278
912 2072
912 3790
913 1648
913 2940
914 1315
914 1688
914 1982
914 2208
914 2294
915 989
915 1343
915 2865
916 1752
916 3217
917 1543
917 1585
917 3392
919 1768
919 2910
919 3276
920 988
920 1315
920 3158
921 2515
922 1957
922 2230
923 2173
925 1089
926 1155
926 2980
927 1650
928 1116
928 2397
929 2754
929 2843
929 3241
930 2115
931 1575
931 2717
932 3240
933 1009
933 3241
933 3764
934 3118
934 3788
935 1410
936 2244
937 2123
937 3008
937 3070
937 3143
937 3549
937 3780
937 3783
939 2642
939 3421
939 3771
941 1509
941 2040
941 2843
942 3096
943 1486
943 2038
943 2445
944 1771
944 1826
944 1889
944 2117
944 2668
944 2876
944 3689
948 1608
948 1918
948 3464
949 988
950 1630
950 2801
950 3768
951 1298
951 3737
951 3842
952 3075
953 2452
953 3792
954 1532
955 1677
955 2459
956 1811
956 2749
957 986
957 1371
959 1685
959 2101
959 3436
960 1187
960 1270
960 1721
960 3619
961 2905
963 2415
964 1338
964 1467
965 3486
966 1421
966 2210
966 3327
967 2374
967 2909
967 3638
968 2227
968 3434
972 2117
972 2997
973 1634
973 2978
974 3222
975 2085
976 1913
976 2780
976 3471
977 3261
977 3368
977 3502
978 1021
978 1838
978 3152
979 1603
980 1946
980 2634
980 3534
981 3528
982 3826
983 2406
983 2467
984 1286
984 1333
984 2257
984 2535
984 2857
984 3549
985 2049
985 2110
986 1411
986 2369
986 2856
986 3522
987 1006
987 1359
988 1148
989 2264
989 2365
990 2840
991 1998
992 1244
992 1963
993 2819
993 2855
993 3664
994 1245
994 2262
994 2357
994 2658
995 1079
995 1100
997 1838
997 3396
998 3658
999 2595
999 3659
1000 1356
1000 3704
1001 1283
1001 2217
1001 3685
1003 1629
1003 2547
1003 3014
1003 3189
1003 3776
1003 3835
1003 3844
1004 2126
1004 2219
1004 2577
1006 2378
1006 2540
1008 3210
1010 1339
1010 1754
1010 3466
1011 3319
1012 1297
1012 2178
1012 2865
1012 3247
1013 3115
1013 3280
1014 3335
1014 3735
1017 3428
1018 2589
1019 1184
1019 1700
1019 3144
1020 2856
1022 1047
1022 2242
1023 2208
1024 2737
1024 3068
1024 3073
1025 2289
1026 1365
1026 2358
1026 2989
1026 3558
1027 1899
1027 1988
1027 2624
1028 2089
1028 2125
1028 2739
1028 3057
1028 3517
1029 2626
1030 2077
1030 2252
1030 2462
1030 3185
1032 3486
1033 2077
1034 1513
1034 2443
1034 3054
1035 3247
1036 3036
1037 2420
1038 1288
1038 1626
1038 1722
1038 3274
1038 3780
1039 1085
1039 1250
1039 2751
1040 2469
1040 2940
1041 2651
1041 3811
1042 1353
1044 2392
1044 3500
1044 3513
1045 1103
1045 2887
1046 1164
1046 2133
1046 2316
1048 1372
1048 2474
1048 2626
1048 2754
1050 1932
1050 3028
1050 3597
1051 1259
1051 2274
1052 2656
1052 2816
1053 3742
1054 3173
1054 3478
1055 1799
1055 1957
1055 3091
1056 1139
1056 3632
1057 1101
1057 1410
1058 2717
1058 3791
1059 2003
1061 2580
1061 2993
1061 3729
1062 3154
1063 2556
1063 3724
1064 1931
1064 2124
1064 2519
1065 1421
1065 2638
1065 3184
1065 3387
1065 3572
1067 1179
1067 2166
1067 2853
1068 1810
1068 2051
1068 2729
1069 1527
1069 2522
1069 3487
1069 3756
1070 2179
1071 1671
1071 3336
1072 2972
1073 3503
1074 2627
1074 3030
1074 3133
1075 1418
1075 1422
1075 3385
1076 1157
1076 1533
1076 3448
1077 1562
1077 2086
1077 3485
1078 2447
1080 2033
1081 1274
1081 1687
1081 2749
1082 3319
1083 1896
1083 3777
1084 2225
1085 1386
1085 2584
1085 2976
1086 2579
1086 2664
1086 3179
1087 1832
1087 2333
1088 2252
1088 3224
1088 3496
1089 3527
1089 3873
1090 1312
1090 2637
1090 3285
1091 1280
1091 2384
1091 3448
1092 2747
1093 1790
1094 3003
1095 2221
1095 2532
1095 2967
1095 3134
1095 3602
1096 2590
1096 3218
1096 3533
1097 1526
1099 3506
1101 1671
1102 3262
1102 3517
1102 3658
1103 1869
1103 2705
1105 3364
1106 2947
1106 3083
1106 3640
1107 1132
1107 1863
1107 2081
1107 2498
1108 1539
1108 2020
1108 3613
1109 1956
1109 2408
1109 3025
1110 3336
1111 2250
1111 2520
1111 3003
1111 3635
1112 2593
1112 2606
1112 3096
1113 2331
1113 2764
1113 3171
1115 1150
1115 1501
1115 3708
1116 1374
1116 3312
1117 1615
1119 1129
1119 1373
1119 1813
1119 3010
1119 3860
1120 1545
1121 3653
1122 1516
1122 3641
1123 1717
1123 2471
1123 3272
1124 2051
1125 2843
1125 3229
1126 1735
1126 2528
1126 3842
1128 2396
1128 2526
1128 2617
1128 3008
1130 1147
1130 1570
1130 3196
1130 3677
1130 3747
1131 1400
1131 2757
1131 2892
1131 3593
1131 3684
1132 1742
1132 1785
1132 2867
1132 3494
1133 2764
1133 3455
1134 2530
1135 1540
1136 2153
1137 1433
1137 1496
1137 3290
1138 1642
1138 2600
1138 2881
1140 2231
1141 2014
1142 1235
1142 1414
1142 1942
1142 2753
1142 3055
1143 1992
1143 2995
1144 1789
1144 2308
1144 3766
1145 3364
1146 3011
1147 2924
1147 3288
1148 3021
1148 3104
1149 1969
1150 1892
1151 2071
1151 3565
1152 2082
1152 3153
1153 2847
1153 3390
1153 3418
1154 2610
1154 2832
1154 3767
1155 1263
1155 1529
1155 1805
1156 2148
1156 2819
1156 3030
1157 2438
1158 1232
1158 1879
1158 2217
1158 3444
1158 3650
1159 1237
1159 3081
1160 1677
1161 1521
1161 1664
1162 1248
1162 2782
1162 3780
1162 3832
1163 2589
1163 2651
1163 3865
1164 2775
1164 3048
1166 1185
1166 2149
1166 3459
1167 2055
1168 1277
1168 1995
1168 2944
1169 1905
1169 2883
1171 2514
1171 2998
1172 1210
1172 2137
1173 2719
1174 3220
1175 2012
1175 2474
1175 3009
1175 3406
1175 3819
1176 1269
1177 1691
1177 2695
1177 2993
1178 1443
1178 1952
1179 2064
1179 3484
1180 1355
1180 2256
1180 2434
1181 2218
1181 2803
1181 2975
1182 1817
1182 2882
1182 3265
1183 2229
1183 3284
1185 1304
1185 1369
1185 2252
1185 2670
1186 2527
1186 3334
1187 3034
1188 1488
1188 3230
1189 1298
1190 1245
1191 3383
1192 1235
1192 1849
1192 2089
1192 2470
1192 3449
1193 2320
1193 2430
1193 3251
1194 2635
1194 2769
1194 3191
1195 2427
1196 2528
1196 2747
1196 2912
1196 3646
1197 2518
1199 1533
1199 1880
1199 2592
1200 1274
1200 1678
1200 3222
1201 2294
1202 2470
1202 3026
1202 3074
1202 3626
1203 1424
1203 3682
1203 3688
1204 3578
1205 2280
1205 2808
1205 2826
1206 2307
1207 1268
1208 3361
1208 3445
1209 1710
1209 2050
1209 2297
1209 3683
1210 2243
1210 2743
1211 1240
1212 3504
1213 1682
1214 2485
1215 3303
1215 3699
1216 3560
1218 3043
1219 1436
1219 3202
1219 3794
1220 1291
1220 3263
1222 1252
1222 2689
1223 1541
1223 3735
1224 2314
1225 1634
1225 1933
1225 3283
1226 1766
1227 2188
1228 1610
1229 3715
1230 3483
1231 3083
1231 3526
1231 3587
1232 1958
1232 3442
1232 3449
1234 1637
1235 2718
1235 3186
1235 3798
1236 2394
1237 3368
1238 2208
1238 3586
1239 2203
1239 2767
1240 1311
1240 1690
1240 2954
1242 1908
1243 1325
1244 3254
1244 3733
1245 2041
1245 3538
1247 2616
1247 2719
1247 3245
1248 1577
1248 1667
1248 1966
1248 2135
1248 3498
1248 3827
1249 1691
1249 3631
1253 3697
1254 1306
1254 1739
1254 1806
1254 1978
1254 2040
1255 1331
1256 1335
1257 1715
1257 3536
1258 1550
1258 1766
1258 2248
1258 3698
1259 2365
1259 3764
1260 1448
1260 2144
1261 1840
1261 2447
1261 2626
1262 1709
1263 3629
1263 3748
1264 3755
1265 2186
1265 3766
1267 1453
1267 2430
1267 3274
1269 1755
1269 3408
1269 3507
1269 3622
1270 1563
1270 1856
1271 2773
1271 2965
1271 3320
1272 3794
1273 1389
1273 2669
1273 3596
1274 2285
1275 3437
1275 3439
1277 1682
1277 1910
1277 3317
1277 3352
1278 3074
1279 3708
1280 1396
1280 3019
1281 1371
1281 2178
1281 3283
1282 1564
1283 2582
1284 3400
1285 3645
1287 1859
1288 3492
1288 3853
1289 1660
1291 2388
1291 3608
1292 2031
1293 1543
1293 2166
1293 2810
1294 1329
1294 2151
1295 3625
1296 1706
1296 1927
1296 2270
1296 2778
1296 3365
1297 2974
1297 3171
1298 3266
1298 3628
1299 1893
1299 3539
1299 3839
1300 1993
1301 1844
1301 2024
1301 2978
1302 1774
1302 2770
1302 3430
1303 2397
1303 3794
1304 2417
1304 2638
1304 3684
1304 3852
1305 3629
1306 1679
1306 1731
1307 3743
1308 1528
1310 3006
1310 3209
1310 3349
1311 3092
1311 3210
1311 3467
1311 3851
1312 1663
1312 1858
1313 1726
1313 3162
1314 2171
1314 2878
1315 2111
1315 2220
1315 2343
1315 2933
1316 3009
1318 2220
1318 2515
1318 2547
1320 2550
1321 2511
1321 2646
1322 1388
1322 2579
1323 2945
1324 2097
1325 1506
1325 1982
1325 2877
1328 3236
1329 2501
1329 3184
1330 1669
1332 1841
1333 2426
1333 3385
1333 3756
1334 1369
1334 2159
1334 2183
1335 1405
1335 1572
1335 2503
1335 3464
1336 2296
1336 2329
1337 1771
1338 1349
1338 2664
1339 1784
1340 2515
1341 2175
1341 3456
1343 2392
1345 2193
1345 2833
1345 3040
1346 2224
1346 2556
1346 3438
1346 3709
1347 1473
1347 2197
1347 3690
1348 2089
1348 2144
1348 2691
1349 2113
1349 3313
1350 1728
1350 2530
1350 3719
1351 2385
1351 3132
1351 3594
1351 3603
1352 1499
1352 1967
1352 2897
1352 3744
1353 1558
1353 2140
1353 2478
1353 3697
1353 3749
1354 2935
1354 3348
1355 1433
1355 3778
1357 2195
1357 2685
1357 3763
1359 1572
1359 2089
1359 3039
1360 2534
1361 1654
1361 3415
1362 1838
1362 3005
1363 2770
1363 3381
1364 1786
1364 2215
1366 2559
1366 3226
1366 3427
1367 2075
1367 3377
1368 2071
1368 2728
1370 3769
1371 2697
1372 3714
1374 2145
1374 3466
1374 3759
1375 1724
1375 2475
1375 2607
1375 3309
1376 1437
1376 2343
1376 2863
1376 3852
1377 3006
1378 2797
1378 2867
1378 3369
1379 2049
1379 3182
1379 3595
1380 1544
1381 1639
1381 3767
1382 1407
1382 3069
1383 1823
1383 2053
1383 2318
1385 1739
1385 3814
1386 2801
1387 2097
1387 2938
1387 3768
1388 2490
1388 3812
1389 3101
1389 3746
1390 2628
1390 3258
1390 3718
1391 1825
1392 2391
1393 3698
1395 1719
1396 2515
1396 2608
1397 1797
1397 2140
1397 2962
1398 1502
1399 1910
1399 3194
1399 3479
1400 1624
1400 3668
1401 2021
1402 2499
1403 2653
1404 2040
1404 3577
1404 3867
1405 1594
1406 3701
1406 3873
1407 1777
1408 2401
1409 1597
1409 2436
1409 2943
1409 3533
1410 2931
1412 1433
1412 1948
1412 3352
1413 1973
1413 3443
1414 2398
1414 2719
1414 2815
1414 3737
1415 3767
1417 1987
1417 2471
1417 3330
1419 3109
1421 1968
1422 1651
1422 3814
1423 3375
1424 1496
1424 3554
1425 2537
1425 2709
1426 2064
1427 2224
1428 3283
1428 3818
1429 1667
1431 2351
1431 2628
1432 2258
1432 2591
1434 2459
1434 3766
1435 2321
1435 2614
1435 3793
1436 1991
1436 2148
1436 2501
1437 1915
1437 2417
1438 2142
1438 2758
1438 3426
1438 3474
1439 2445
1440 1853
1441 2030
1441 3822
1442 3320
1443 3449
1444 2893
1444 2987
1444 3366
1445 1593
1446 3573
1447 2275
1448 2367
1448 3532
1450 2146
1450 2383
1450 3383
1451 3106
1451 3302
1452 2121
1452 2376
1452 3683
1453 2788
1455 1669
1455 2440
1455 2676
1456 1549
1459 1929
1460 1686
1460 2560
1461 2670
1461 3384
1461 3469
1462 1684
1463 1769
1463 2198
1463 2605
1464 2542
1465 2943
1466 3435
1467 3121
1467 3848
1468 2601
1469 2521
1470 2867
1470 3423
1470 3656
1471 2930
1471 3071
1471 3644
1472 2234
1472 2267
1473 2587
1474 2808
1475 3277
1476 2641
1477 2747
1477 2977
1477 3056
1479 2361
1479 2715
1480 2546
1480 2607
1481 1559
1481 1594
1481 3510
1481 3839
1482 3572
1484 1829
1484 2533
1484 2725
1485 2366
1485 2981
1486 2636
1486 3245
1488 2180
1488 3375
1489 2974
1490 1885
1491 2835
1492 1663
1493 3181
1494 1782
1494 2000
1495 2041
1495 3046
1495 3313
1496 2343
1497 1603
1497 1799
1497 3505
1498 2625
1499 1967
1499 3572
1500 2896
1500 3371
1502 2660
1502 3863
1503 3068
1503 3149
1504 2666
1505 2678
1506 3319
1507 3379
1507 3413
1507 3864
1508 1858
1508 2422
1509 2241
1509 2523
1509 2675
1509 2967
1510 1759
1510 2857
1510 3468
1511 1893
1512 1803
1512 2720
1512 3513
1513 3219
1514 2074
1514 3205
1515 2015
1516 2557
1516 2604
1516 2966
1516 3429
1516 3570
1518 1960
1520 3020
1521 2449
1521 3331
1522 3125
1522 3217
1523 2944
1524 2305
1525 1585
1525 2485
1526 1588
1526 2017
1526 3710
1528 3288
1529 2672
1529 2773
1530 3402
1530 3438
1531 1552
1531 3271
1531 3309
1531 3376
1532 2814
1532 3794
1533 3807
1534 2073
1535 2390
1537 1805
1537 1913
1537 2212
1538 3360
1540 2334
1540 2652
1540 2693
1540 2714
1541 3876
1542 1879
1543 1812
1543 3152
1545 2476
1545 3468
1546 1783
1546 1861
1546 3022
1548 2519
1548 3225
1550 3097
1551 2333
1551 2488
1552 2563
1552 3317
1553 2508
1553 2685
1554 2748
1554 3522
1555 1907
1555 2780
1557 2803
1557 2921
1557 3427
1557 3547
1557 3663
1559 3466
1561 1949
1561 1983
1561 1993
1561 2791
1562 1572
1562 2571
1562 3010
1562 3136
1563 2758
1565 1594
1567 2302
1567 2581
1568 1701
1568 2186
1568 2520
1570 1611
1570 2497
1571 1926
1571 1962
1572 1789
1572 2820
1573 1852
1573 2874
1573 3135
1574 3205
1576 3377
1577 1881
1578 3231
1579 3466
1582 3204
1582 3299
1583 2255
1584 2709
1584 2856
1584 3077
1584 3105
1585 1917
1585 2726
1585 2801
1586 1949
1586 3226
1586 3794
1587 2193
1587 2915
1587 3612
1589 2452
1591 1679
1591 3711
1591 3785
1595 2559
1596 1859
1597 2208
1597 2882
1598 2568
1599 2599
1599 3585
1600 3637
1601 2540
1603 1765
1603 2656
1605 3565
1606 2847
1606 3805
1607 1755
1607 2194
1607 3388
1608 1949
1608 2349
1608 3074
1608 3444
1609 1975
1609 3851
1612 1770
1612 2844
1613 1872
1613 1890
1615 2060
1615 2253
1615 3188
1615 3525
1615 3804
1616 1673
1616 1718
1616 1922
1617 2348
1617 3647
1619 2580
1619 3475
1619 3674
1619 3688
1619 3846
1620 3347
1621 2826
1623 2321
1624 3225
1624 3815
1625 1881
1625 3254
1626 2359
1626 3559
1628 3488
1629 1827
1629 2482
1630 2952
1630 3398
1631 2000
1631 2428
1632 2201
1634 2186
1634 3103
1635 2644
1636 3584
1637 1996
1637 2178
1637 3007
1638 1684
1638 1875
1638 2630
1642 1821
1642 2932
1643 2002
1643 3801
1644 1648
1644 1905
1645 2097
1645 2793
1645 3576
1646 2876
1646 3141
1647 3703
1648 2779
1649 2446
1649 2525
1651 2711
1651 2863
1651 3737
1652 2291
1653 3851
1654 2211
1654 2713
1654 3540
1654 3873
1656 3255
1657 2311
1657 3175
1657 3828
1659 1851
1659 3064
1661 1693
1661 2086
1661 3116
1661 3308
1661 3321
1662 3606
1663 1688
1663 2037
1663 3569
1665 1667
1665 2319
1665 3412
1666 2420
1667 3733
1668 3336
1669 1799
1669 3027
1670 2239
1670 3221
1670 3482
1672 3617
1673 2965
1673 3118
1674 2061
1675 1782
1676 2106
1676 2167
1676 3724
1677 1782
1677 2834
1677 3403
1678 1966
1678 2143
1678 2732
1678 2963
1678 3613
1679 1820
1679 2575
1680 3563
1681 2235
1681 3291
1681 3339
1682 2346
1683 1987
1683 2164
1684 1788
1684 2320
1684 3866
1685 2081
1685 2809
1685 3182
1686 3298
1686 3731
1687 2878
1687 3720
1688 2566
1688 3195
1689 3372
1690 3640
1691 2924
1691 2944
1691 3401
1693 1865
1693 3346
1694 2526
1694 3657
1695 3123
1696 2317
1697 1874
1697 2322
1697 3102
1698 1723
1698 2593
1698 2943
1699 3075
1700 2656
1700 2778
1700 3148
1700 3699
1701 2380
1701 3822
1702 1894
1702 2249
1702 3365
1703 3646
1704 2111
1704 3042
1704 3695
1705 2157
1710 2457
1710 3403
1710 3648
1710 3862
1711 2254
1711 3374
1711 3449
1712 2332
1714 2112
1716 3268
1716 3305
1716 3773
1717 2745
1717 2755
1718 3024
1718 3403
1719 2099
1719 3708
1720 1866
1720 3535
1723 2735
1723 2868
1724 2326
1724 3136
1725 2261
1726 2598
1727 3817
1728 2965
1728 3194
1728 3847
1729 1853
1730 2681
1731 3756
1732 2857
1732 3642
1732 3705
1733 2127
1733 2523
1733 3062
1733 3394
1733 3738
1733 3873
1734 3299
1735 3472
1736 1856
1736 2517
1736 2779
1736 2820
1737 1886
1737 2557
1737 3485
1738 2051
1738 3140
1738 3343
1739 2612
1739 2844
1739 2873
1740 2069
1740 3427
1740 3596
1742 2634
1742 3168
1743 3585
1744 1782
1745 3569
1746 2484
1747 2035
1748 1887
1748 3574
1748 3831
1749 2749
1750 2009
1751 2134
1751 2554
1751 2908
1752 2133
1752 2481
1752 2973
1753 2702
1754 2038
1754 3444
1755 2116
1755 3164
1755 3508
1756 2113
1757 3517
1759 2270
1759 3756
1760 2788
1761 1816
1762 1887
1763 1974
1763 2641
1764 2471
1764 3358
1764 3511
1766 3399
1767 2880
1767 3859
1768 3571
1770 2121
1772 3220
1773 1840
1774 2092
1774 2107
1774 2881
1774 3414
1775 2242
1776 2477
1777 1963
1777 2198
1777 2341
1777 2373
1778 2978
1779 3579
1780 2873
1781 1995
1781 3266
1782 3171
1783 2047
1783 3622
1784 2090
1788 1903
1788 2828
1789 2230
1789 2317
1790 3274
1794 2126
1794 2705
1795 1939
1795 2251
1796 2034
1796 3024
1796 3315
1800 2510
1801 3154
1801 3554
1801 3584
1802 1937
1802 3624
1803 2412
1803 3737
1806 2480
1806 2659
1806 3399
1807 3080
1808 2102
1809 2042
1809 3385
1809 3463
1810 3408
1811 3300
1812 3822
1813 2043
1813 3324
1813 3818
1813 3822
1815 2347
1815 2478
1815 3547
1815 3623
1816 3835
1818 3721
1820 2517
1820 3666
1822 2521
1823 2236
1823 2467
1823 3790
1824 2218
1824 3267
1825 3060
1825 3645
1826 2592
1827 2582
1828 2005
1828 3174
1830 2315
1831 3383
1833 2728
1833 2773
1833 2983
1835 2155
1836 3253
1837 2335
1837 2551
1837 2873
1839 3787
1840 1988
1840 2774
1840 3209
1841 2184
1841 3671
1842 3567
1843 2136
1843 2544
1843 3448
1844 3021
1844 3344
1846 2475
1846 2918
1846 3788
1847 3361
1847 3410
1848 2135
1849 2144
1849 2602
1850 2810
1850 3151
1851 2493
1851 2896
1852 1990
1854 1906
1854 2613
1855 3334
1856 2757
1856 3017
1856 3033
1857 2318
1857 2793
1857 3619
1859 2089
1860 2986
1860 3487
1861 2598
1861 2951
1861 3100
1861 3755
1862 2558
1863 3192
1863 3753
1866 2245
1866 3386
1868 2279
1868 2817
1871 3279
1871 3575
1872 2422
1872 2717
1873 2118
1873 2664
1873 2787
1875 2159
1876 3062
1877 3809
1877 3858
1878 2436
1879 3556
1880 1902
1880 2177
1882 2588
1882 2774
1883 1928
1883 3781
1886 2756
1886 3532
1886 3583
1887 3702
1888 2637
1889 3012
1889 3320
1890 2021
1890 3793
1891 3342
1891 3629
1893 3615
1894 2033
1894 3000
1894 3086
1895 2628
1897 2638
1898 2646
1898 2804
1899 3245
1901 3124
1903 2656
1904 3012
1905 3837
1906 2915
1907 2982
1907 3355
1907 3536
1908 2375
1908 2426
1910 3088
1910 3646
1911 2305
1913 3255
1913 3558
1914 3329
1915 3341
1915 3689
1916 3747
1917 2414
1918 2184
1918 3661
1919 3356
1920 3594
1921 2129
1921 2985
1922 2400
1922 3714
1924 2386
1924 2949
1925 3113
1926 2851
1926 3103
1927 3214
1928 2401
1930 3177
1931 3128
1931 3516
1932 2416
1932 3220
1933 3348
1933 3611
1934 3465
1936 2767
1937 2995
1937 3381
1938 2536
1938 2549
1939 2505
1940 2594
1941 3477
1941 3674
1942 2914
1942 3607
1943 2363
1945 3280
1946 3209
1947 2072
1948 2823
1948 3422
1948 3672
1950 2425
1951 2538
1952 2764
1952 3835
1953 2816
1953 3351
1954 2242
1955 1970
1955 2177
1955 2448
1957 2665
1960 2266
1960 2856
1961 2621
1962 2815
1963 2522
1963 2534
1964 3827
1965 2981
1967 3217
1968 2456
1969 2810
1970 3614
1971 2187
1971 3126
1971 3290
1974 3216
1976 3062
1976 3589
1977 2099
1978 2636
1978 3298
1979 2857
1979 3121
1980 2355
1980 3185
1980 3477
1981 2861
1981 3324
1982 2324
1983 2018
1983 2046
1985 2438
1986 2686
1987 2057
1987 2276
1987 3323
1987 3396
1987 3562
1988 3710
1991 2751
1991 3542
1992 3341
1992 3549
1993 2600
1994 2610
1995 2382
1995 2965
1996 2666
1997 2744
1998 2763
1999 2068
1999 2895
1999 3533
2000 3697
2001 3692
2005 3507
2006 3734
2007 2242
2008 3329
2009 2039
2009 2472
2010 3425
2011 3345
2013 3388
2013 3465
2016 2486
2017 3094
2017 3544
2018 2463
2020 2308
2020 2969
2020 3605
2021 2091
2022 3507
2022 3756
2023 2035
2023 2990
2024 3112
2024 3232
2025 2223
2026 3383
2026 3771
2027 2108
2027 3748
2028 2852
2029 3110
2029 3311
2031 2772
2032 3813
2036 2682
2037 2383
2037 2755
2038 2493
2039 2818
2039 2972
2041 3818
2044 3008
2044 3286
2045 3237
2047 2193
2047 3250
2049 3209
2049 3357
2050 3482
2051 3254
2052 2996
2052 3466
2052 3778
2053 3335
2054 3024
2056 2097
2058 3640
2059 2473
2059 2894
2059 3538
2062 2705
2064 2674
2064 3552
2065 2712
2065 2722
2065 3055
2065 3315
2066 2698
2066 2836
2066 2969
2067 3784
2070 2574
2072 2787
2072 3525
2074 2458
2075 3387
2076 2475
2077 2418
2080 2568
2082 2464
2082 2792
2083 2661
2084 2407
2085 3093
2086 2429
2087 2174
2087 3421
2089 3002
2091 3325
2091 3469
2091 3512
2092 2493
2092 3846
2093 2851
2093 2899
2093 3178
2095 2794
2095 3086
2095 3699
2097 2809
2098 2983
2098 3593
2098 3616
2099 3391
2100 2995
2102 2276
2102 3265
2103 2328
2103 2961
2106 2592
2106 3604
2107 2799
2109 2543
2111 3748
2113 2272
2114 3254
2118 2733
2118 2985
2119 2188
2119 2641
2119 3728
2120 2734
2121 2420
2122 2234
2123 2239
2125 2478
2125 2923
2125 3551
2126 2566
2127 2494
2129 2509
2130 2998
2130 3255
2131 2712
2131 3709
2132 3305
2133 3106
2135 2489
2138 2875
2139 2504
2140 3277
2141 2547
2142 2176
2143 3282
2143 3478
2146 3708
2148 3128
2151 3195
2151 3527
2152 2614
2153 2871
2154 3335
2155 3032
2155 3456
2156 2437
2157 3249
2157 3627
2159 2235
2160 2596
2161 3485
2161 3691
2162 2920
2162 3714
2163 3382
2164 2728
2164 2850
2165 2606
2165 3613
2166 2296
2167 3457
2168 2896
2168 3101
2168 3128
2170 3140
2171 3065
2171 3547
2174 2285
2174 3023
2176 2486
2176 3598
2176 3698
2177 3171
2177 3362
2181 3700
2181 3759
2182 3635
2183 2620
2183 2804
2184 3242
2188 2578
2189 3264
2189 3752
2190 2713
2190 2917
2190 3056
2190 3420
2190 3550
2191 2739
2191 3592
2192 2365
2194 2683
2196 2576
2197 3324
2197 3411
2198 3070
2200 2321
2202 3014
2203 3157
2203 3546
2204 2235
2204 3297
2205 2442
2206 2642
2206 3661
2208 3501
2209 2563
2211 2426
2211 3071
2212 2928
2213 2710
2213 2786
2214 2730
2214 2866
2214 3411
2215 2468
2215 3016
2216 3867
2217 3136
2219 3290
2219 3728
2220 3568
2222 2462
2225 3838
2226 3254
2229 3105
2229 3475
2230 2372
2231 2594
2231 3716
2233 3605
2234 3127
2236 2583
2236 2603
2237 2485
2238 3082
2242 3657
2243 2972
2243 3070
2245 2331
2246 3034
2249 3416
2249 3586
2251 3033
2253 2852
2253 3011
2253 3256
2253 3284
2254 2991
2254 3033
2255 2998
2255 3053
2255 3657
2256 2350
2256 3783
2257 2920
2258 2988
2260 2980
2260 3148
2260 3611
2262 3766
2263 2346
2265 3301
2266 2738
2266 3414
2267 3021
2267 3685
2269 2550
2270 2714
2271 3214
2273 2395
2273 3697
2274 2722
2275 2575
2275 3118
2277 2814
2278 3517
2278 3568
2278 3577
2279 2524
2281 2449
2281 3762
2282 2880
2282 3443
2283 3030
2284 2672
2284 2681
2284 3086
2285 2408
2285 3211
2288 2684
2290 3154
2290 3718
2292 3839
2294 2772
2294 3539
2295 2987
2296 2755
2297 3775
2299 2579
2300 2948
2301 3272
2304 2399
2304 2635
2304 3678
2305 3060
2306 3432
2307 3130
2307 3797
2309 3744
2310 2456
2310 3852
2313 3146
2314 3367
2315 2929
2315 3320
2315 3734
2317 2729
2319 2812
2319 3766
2322 2675
2322 3853
2324 3414
2325 2587
2327 2328
2328 3607
2332 3580
2332 3768
2333 2364
2335 2525
2339 2882
2339 3549
2340 3212
2342 2471
2344 2856
2344 3268
2344 3326
2345 2680
2347 2579
2347 3715
2348 3160
2348 3795
2349 2917
2349 3218
2350 3313
2351 2622
2351 3404
2352 2879
2354 2672
2356 2938
2358 2817
2358 2904
2359 2702
2360 3284
2362 2449
2366 3640
2366 3647
2367 2491
2367 2993
2367 3597
2368 2497
2368 2856
2370 2448
2371 2624
2372 2869
2373 3783
2374 3184
2375 3507
2377 2621
2379 3361
2379 3744
2381 2878
2381 3142
2381 3702
2383 2681
2383 3345
2384 3739
2385 3084
2385 3127
2386 3355
2386 3814
2387 2442
2387 2916
2387 2925
2388 2478
2388 3027
2389 2707
2389 2854
2389 3238
2390 3018
2390 3398
2390 3439
2392 3326
2393 2778
2393 2947
2393 3694
2394 2465
2395 3145
2396 3146
2396 3790
2400 3865
2401 2964
2401 3367
2402 2609
2404 3835
2405 2790
2408 2539
2408 2690
2408 3062
2409 2479
2409 3536
2410 2681
2413 3683
2414 2666
2416 3444
2417 3602
2418 3311
2419 2843
2419 2992
2419 3712
2421 3754
2422 2731
2423 3450
2424 3511
2428 2888
2429 3457
2431 3459
2432 3281
2433 2766
2433 2872
2433 3134
2433 3555
2434 2840
2437 3356
2437 3612
2438 3406
2441 2859
2441 2887
2441 2939
2442 2916
2443 2779
2443 2992
2444 3139
2447 2619
2448 3177
2448 3792
2450 3302
2451 3351
2451 3446
2451 3679
2452 3406
2453 3807
2454 2543
2454 3648
2455 3207
2455 3349
2456 2624
2457 3160
2457 3269
2457 3667
2459 3079
2464 3487
2466 2960
2467 3058
2468 3825
2470 3104
2470 3319
2471 2553
2474 2508
2475 3553
2475 3652
2476 2765
2477 2480
2478 3119
2478 3227
2483 2957
2487 3345
2488 2614
2489 2503
2489 2953
2491 3093
2491 3639
2492 3829
2493 2808
2493 2842
2494 3143
2494 3479
2496 3771
2497 3761
2499 3346
2499 3499
2500 2759
2500 2766
2501 3080
2503 3263
2506 3543
2507 2760
2508 2869
2508 3172
2510 2901
2510 3264
2511 2967
2512 3457
2515 2689
2516 2802
2516 3583
2517 3522
2520 2748
2521 2634
2521 3280
2522 2593
2522 3071
2523 2836
2525 2762
2529 2922
2530 3830
2531 3870
2532 2549
2532 3026
2532 3487
2532 3636
2534 3069
2535 2837
2535 3489
2537 2585
2538 3149
2538 3378
2539 3564
2542 2545
2542 2675
2544 2607
2544 2829
2545 2572
2546 2921
2547 2797
2551 2745
2551 3431
2553 3495
2554 3102
2556 3159
2556 3213
2556 3391
2556 3711
2559 2821
2559 3123
2559 3322
2561 2754
2562 3214
2563 2926
2565 3871
2566 2950
2567 3802
2568 3051
2570 2635
2570 2769
2570 3453
2574 3405
2575 2583
2576 2694
2576 3272
2576 3606
2577 3807
2578 3123
2578 3498
2579 3083
2579 3614
2580 2622
2580 3003
2580 3696
2581 2912
2581 3174
2583 3433
2588 2915
2589 2764
2589 2977
2590 3237
2590 3374
2590 3496
2592 2895
2592 3750
2594 3596
2595 2695
2595 2753
2595 3241
2596 2961
2596 3590
2599 2763
2599 2871
2600 3792
2601 3001
2602 3235
2603 3331
2606 3486
2608 3107
2610 2928
2612 2979
2612 3608
2613 2956
2613 3674
2614 2727
2614 3079
2616 3684
2617 3180
2618 2740
2620 3146
2621 3627
2622 2740
2623 2740
2625 3651
2628 3416
2629 3017
2630 3658
2631 3199
2631 3372
2631 3803
2635 3630
2636 2643
2640 3468
2641 3087
2641 3808
2643 2782
2643 3348
2644 2679
2645 2971
2647 2828
2647 3555
2647 3624
2648 2873
2648 3059
2648 3157
2653 3043
2653 3225
2654 3770
2655 3505
2656 2890
2657 3039
2657 3626
2658 2997
2658 3576
2659 3244
2661 3681
2662 3637
2662 3860
2663 3220
2666 3568
2666 3785
2671 3263
2673 3176
2673 3295
2673 3556
2674 2785
2674 3374
2675 3267
2676 3006
2676 3702
2677 2997
2677 3060
2678 2740
2681 3728
2687 2889
2687 3634
2687 3756
2687 3845
2688 3135
2689 3779
2690 3467
2692 3656
2694 3016
2694 3710
2695 3372
2696 3588
2698 2723
2699 3161
2699 3249
2702 3796
2705 3006
2708 3088
2709 2986
2709 3594
2711 3812
2712 3675
2713 3256
2714 2914
2714 3532
2716 3734
2717 3702
2718 2939
2718 3405
2718 3833
2719 2788
2719 3554
2721 3316
2722 3562
2723 3442
2723 3618
2724 3498
2724 3833
2725 3159
2725 3765
2727 3505
2728 2796
2729 2958
2730 3484
2732 3451
2732 3578
2734 3035
2734 3436
2737 2960
2739 3723
2740 2922
2740 3852
2741 3248
2744 3531
2744 3576
2744 3660
2746 3387
2748 3688
2749 3690
2750 2851
2751 3651
2752 3322
2752 3351
2752 3807
2753 3181
2753 3497
2754 3066
2754 3183
2756 3019
2756 3070
2757 2973
2758 2795
2759 3370
2762 2814
2763 3838
2764 3795
2766 3636
2768 3411
2768 3681
2769 3040
2774 2871
2775 3082
2775 3376
2776 3262
2777 2812
2778 3676
2780 3192
2780 3684
2780 3845
2781 3517
2782 3863
2784 2921
2784 3868
2785 3540
2786 3374
2787 3242
2788 3013
2790 3178
2791 3741
2792 3674
2792 3814
2798 3666
2798 3676
2801 3225
2802 3219
2803 2850
2804 3715
2805 2841
2805 3274
2805 3341
2805 3861
2806 2886
2807 2895
2807 3357
2807 3558
2811 3079
2813 2975
2813 3765
2813 3828
2814 3528
2815 3822
2817 2832
2818 3539
2820 3556
2823 2997
2826 3309
2826 3850
2826 3861
2827 3318
2833 3168
2833 3706
2834 3847
2836 3075
2837 2961
2837 3715
2840 2950
2842 3076
2843 3789
2844 3288
2844 3426
2844 3498
2846 3377
2847 3503
2850 2927
2850 3600
2851 3025
2854 2909
2854 3727
2856 2857
2858 3206
2858 3387
2860 3141
2861 3255
2862 2870
2863 3493
2864 3752
2865 2950
2865 3431
2867 3233
2880 2990
2881 2983
2884 3399
2885 3044
2887 3751
2890 3571
2891 3770
2897 2914
2897 3588
2898 3226
2899 3482
2900 3114
2900 3858
2903 3117
2904 2915
2904 3062
2906 3000
2907 3049
2907 3308
2907 3370
2913 2914
2917 3875
2919 3011
2919 3078
2919 3786
2919 3806
2923 3343
2924 3014
2925 3179
2925 3352
2927 3682
2928 3291
2929 3082
2929 3490
2930 3380
2934 3068
2936 3689
2939 3349
2942 3616
2945 3345
2946 3538
2946 3668
2947 3061
2949 3480
2949 3718
2955 3778
2956 3065
2956 3153
2958 3589
2961 3170
2961 3590
2962 3432
2962 3636
2963 3010
2963 3471
2965 3338
2968 3848
2970 3135
2972 3278
2973 3253
2974 3032
2975 3021
2977 3460
2980 3105
2980 3374
2981 3043
2983 3567
2984 3629
2987 3247
2987 3752
2989 3153
2989 3434
2991 3551
2997 3387
2998 3436
3004 3178
3005 3320
3005 3679
3009 3318
3010 3031
3012 3594
3015 3338
3018 3770
3021 3265
3022 3223
3023 3490
3024 3108
3029 3252
3030 3755
3032 3463
3034 3328
3038 3319
3038 3572
3040 3565
3042 3725
3043 3536
3043 3634
3044 3528
3044 3714
3046 3206
3046 3619
3048 3509
3049 3638
3052 3227
3054 3138
3060 3646
3061 3658
3064 3429
3067 3122
3069 3621
3072 3312
3085 3679
3085 3824
3090 3442
3091 3739
3091 3849
3092 3771
3093 3568
3094 3304
3094 3461
3096 3858
3098 3302
3099 3127
3101 3461
3102 3669
3105 3112
3107 3349
3107 3866
3109 3555
3113 3115
3115 3121
3124 3421
3124 3582
3127 3788
3130 3707
3131 3533
3132 3326
3132 3718
3138 3827
3140 3249
3146 3564
3147 3685
3148 3554
3149 3324
3149 3480
3150 3204
3152 3759
3155 3630
3156 3169
3160 3305
3161 3605
3163 3627
3165 3208
3165 3416
3165 3459
3167 3701
3168 3792
3171 3210
3174 3693
3175 3411
3175 3725
3176 3742
3177 3848
3179 3462
3180 3350
3184 3506
3190 3674
3191 3232
3191 3335
3192 3218
3198 3206
3198 3476
3204 3847
3205 3828
3207 3218
3207 3758
3208 3279
3208 3842
3209 3301
3209 3305
3219 3594
3220 3775
3222 3854
3224 3276
3225 3347
3232 3631
3234 3659
3237 3824
3239 3667
3242 3486
3244 3289
3244 3310
3246 3305
3246 3833
3252 3721
3257 3803
3259 3727
3264 3658
3265 3714
3269 3648
3270 3519
3271 3810
3272 3499
3273 3484
3276 3787
3277 3602
3280 3427
3280 3464
3282 3702
3287 3674
3292 3343
3293 3382
3294 3822
3295 3630
3295 3639
3300 3836
3301 3365
3302 3795
3306 3682
3307 3407
3308 3690
3313 3425
3313 3724
3313 3851
3314 3823
3315 3765
3325 3467
3329 3342
3329 3511
3331 3491
3337 3819
3346 3429
3347 3855
3350 3807
3351 3372
3352 3409
3352 3851
3354 3547
3355 3360
3356 3654
3357 3526
3359 3571
3367 3746
3368 3518
3370 3371
3371 3492
3375 3869
3380 3495
3380 3610
3380 3687
3381 3432
3391 3825
3393 3767
3407 3786
3410 3741
3412 3509
3413 3439
3430 3815
3434 3484
3434 3638
3435 3463
3438 3862
3442 3620
3443 3800
3443 3853
3444 3597
3447 3534
3449 3462
3449 3717
3449 3770
3455 3820
3456 3626
3458 3665
3466 3786
3466 3843
3468 3668
3471 3633
3472 3561
3481 3564
3484 3568
3486 3866
3487 3845
3490 3585
3491 3547
3496 3718
3505 3655
3505 3747
3520 3539
3524 3681
3525 3676
3528 3703
3536 3580
3537 3781
3541 3609
3541 3770
3544 3609
3545 3841
3548 3589
3552 3624
3553 3745
3557 3701
3562 3818
3571 3642
3573 3704
3577 3665
3578 3611
3579 3726
3583 3640
3588 3778
3590 3633
3604 3637
3609 3821
3610 3822
3612 3768
3613 3656
3617 3764
3617 3861
3630 3712
3632 3653
3634 3746
3645 3681
3653 3741
3667 3782
3667 3857
3679 3686
3680 3838
3691 3737
3693 3751
3697 3839
3701 3792
3714 3785
3719 3856
3728 3834
3734 3773
3740 3856
3743 3854
3771 3837
3776 3843
